2025-04-04 10:09:00.831588 - Received CBT.V508.FILE462.PDS from FILE462.XMI 
2025-04-04 10:09:00.833129 - Found $$$#DATE.txt (text/plain) in CBT.V508.FILE462.PDS, moved to PDS/$$$#DATE
2025-04-04 10:09:00.833291 - Found $DOC.txt (text/plain) in CBT.V508.FILE462.PDS, moved to PDS/$DOC
2025-04-04 10:09:00.833441 - Found $MODS.txt (text/plain) in CBT.V508.FILE462.PDS, moved to PDS/$MODS
2025-04-04 10:09:00.833583 - Found #ACFCOMP.txt (text/plain) in CBT.V508.FILE462.PDS, moved to PDS/#ACFCOMP
2025-04-04 10:09:00.833718 - Found #APPEND.txt (text/plain) in CBT.V508.FILE462.PDS, moved to PDS/#APPEND
2025-04-04 10:09:00.833847 - Found #BOX.txt (text/plain) in CBT.V508.FILE462.PDS, moved to PDS/#BOX
2025-04-04 10:09:00.833978 - Found #CENTER.txt (text/plain) in CBT.V508.FILE462.PDS, moved to PDS/#CENTER
2025-04-04 10:09:00.834109 - Found #COMASM.txt (text/plain) in CBT.V508.FILE462.PDS, moved to PDS/#COMASM
2025-04-04 10:09:00.834238 - Found #COMCLIS.txt (text/plain) in CBT.V508.FILE462.PDS, moved to PDS/#COMCLIS
2025-04-04 10:09:00.834364 - Found #COMEXEC.txt (text/plain) in CBT.V508.FILE462.PDS, moved to PDS/#COMEXEC
2025-04-04 10:09:00.834493 - Found #COMEXED.txt (text/plain) in CBT.V508.FILE462.PDS, moved to PDS/#COMEXED
2025-04-04 10:09:00.834672 - Found #COMJCL.txt (text/plain) in CBT.V508.FILE462.PDS, moved to PDS/#COMJCL
2025-04-04 10:09:00.834807 - Found #COMMENT.txt (text/plain) in CBT.V508.FILE462.PDS, moved to PDS/#COMMENT
2025-04-04 10:09:00.834936 - Found #COMMEN2.txt (text/plain) in CBT.V508.FILE462.PDS, moved to PDS/#COMMEN2
2025-04-04 10:09:00.835061 - Found #COMPDS.txt (text/plain) in CBT.V508.FILE462.PDS, moved to PDS/#COMPDS
2025-04-04 10:09:00.835194 - Found #CONLY.txt (text/plain) in CBT.V508.FILE462.PDS, moved to PDS/#CONLY
2025-04-04 10:09:00.835336 - Found #CONVISP.txt (text/plain) in CBT.V508.FILE462.PDS, moved to PDS/#CONVISP
2025-04-04 10:09:00.835464 - Found #CORNER.txt (text/plain) in CBT.V508.FILE462.PDS, moved to PDS/#CORNER
2025-04-04 10:09:00.835591 - Found #CUT.txt (text/plain) in CBT.V508.FILE462.PDS, moved to PDS/#CUT
2025-04-04 10:09:00.835714 - Found #CUTD.txt (text/plain) in CBT.V508.FILE462.PDS, moved to PDS/#CUTD
2025-04-04 10:09:00.835852 - Found #DEBLANK.txt (text/plain) in CBT.V508.FILE462.PDS, moved to PDS/#DEBLANK
2025-04-04 10:09:00.835976 - Found #ECHANGE.txt (text/plain) in CBT.V508.FILE462.PDS, moved to PDS/#ECHANGE
2025-04-04 10:09:00.836099 - Found #ECHANG2.txt (text/plain) in CBT.V508.FILE462.PDS, moved to PDS/#ECHANG2
2025-04-04 10:09:00.836229 - Found #EMCH.txt (text/plain) in CBT.V508.FILE462.PDS, moved to PDS/#EMCH
2025-04-04 10:09:00.836370 - Found #EXEC.txt (text/plain) in CBT.V508.FILE462.PDS, moved to PDS/#EXEC
2025-04-04 10:09:00.836496 - Found #EXEC2.txt (text/plain) in CBT.V508.FILE462.PDS, moved to PDS/#EXEC2
2025-04-04 10:09:00.836621 - Found #GENJCL.txt (text/plain) in CBT.V508.FILE462.PDS, moved to PDS/#GENJCL
2025-04-04 10:09:00.836744 - Found #LJUST.txt (text/plain) in CBT.V508.FILE462.PDS, moved to PDS/#LJUST
2025-04-04 10:09:00.836871 - Found #NEWMSGS.txt (text/plain) in CBT.V508.FILE462.PDS, moved to PDS/#NEWMSGS
2025-04-04 10:09:00.836990 - Found #ONLY.txt (text/plain) in CBT.V508.FILE462.PDS, moved to PDS/#ONLY
2025-04-04 10:09:00.837115 - Found #PASD.txt (text/plain) in CBT.V508.FILE462.PDS, moved to PDS/#PASD
2025-04-04 10:09:00.837245 - Found #PASTE.txt (text/plain) in CBT.V508.FILE462.PDS, moved to PDS/#PASTE
2025-04-04 10:09:00.837382 - Found #PROFLIS.txt (text/plain) in CBT.V508.FILE462.PDS, moved to PDS/#PROFLIS
2025-04-04 10:09:00.837505 - Found #RJUST.txt (text/plain) in CBT.V508.FILE462.PDS, moved to PDS/#RJUST
2025-04-04 10:09:00.837629 - Found #SHOWDCB.txt (text/plain) in CBT.V508.FILE462.PDS, moved to PDS/#SHOWDCB
2025-04-04 10:09:00.837753 - Found #SR20000.txt (text/plain) in CBT.V508.FILE462.PDS, moved to PDS/#SR20000
2025-04-04 10:09:00.837875 - Found #TSOTOJC.txt (text/plain) in CBT.V508.FILE462.PDS, moved to PDS/#TSOTOJC
2025-04-04 10:09:00.837994 - Found @FILE462.txt (text/plain) in CBT.V508.FILE462.PDS, moved to PDS/@FILE462
2025-04-04 10:09:00.838115 - Found ACFCOMP.txt (text/plain) in CBT.V508.FILE462.PDS, moved to PDS/ACFCOMP
2025-04-04 10:09:00.838244 - Found APPEND.txt (text/plain) in CBT.V508.FILE462.PDS, moved to PDS/APPEND
2025-04-04 10:09:00.838378 - Found BOX.txt (text/plain) in CBT.V508.FILE462.PDS, moved to PDS/BOX
2025-04-04 10:09:00.838516 - Found CENTER.txt (text/plain) in CBT.V508.FILE462.PDS, moved to PDS/CENTER
2025-04-04 10:09:00.838641 - Found CNADBROW.txt (text/plain) in CBT.V508.FILE462.PDS, moved to PDS/CNADBROW
2025-04-04 10:09:00.838762 - Found CNADEDIT.txt (text/plain) in CBT.V508.FILE462.PDS, moved to PDS/CNADEDIT
2025-04-04 10:09:00.838881 - Found COMASM.txt (text/plain) in CBT.V508.FILE462.PDS, moved to PDS/COMASM
2025-04-04 10:09:00.839000 - Found COMCLIST.txt (text/plain) in CBT.V508.FILE462.PDS, moved to PDS/COMCLIST
2025-04-04 10:09:00.839127 - Found COMEXEC.txt (text/plain) in CBT.V508.FILE462.PDS, moved to PDS/COMEXEC
2025-04-04 10:09:00.839263 - Found COMEXED.txt (text/plain) in CBT.V508.FILE462.PDS, moved to PDS/COMEXED
2025-04-04 10:09:00.839550 - Found COMJCL.txt (text/plain) in CBT.V508.FILE462.PDS, moved to PDS/COMJCL
2025-04-04 10:09:00.839714 - Found COMMENT.txt (text/plain) in CBT.V508.FILE462.PDS, moved to PDS/COMMENT
2025-04-04 10:09:00.839836 - Found COMPDS.txt (text/plain) in CBT.V508.FILE462.PDS, moved to PDS/COMPDS
2025-04-04 10:09:00.839959 - Found CONLY.txt (text/plain) in CBT.V508.FILE462.PDS, moved to PDS/CONLY
2025-04-04 10:09:00.840086 - Found CONVISPF.txt (text/plain) in CBT.V508.FILE462.PDS, moved to PDS/CONVISPF
2025-04-04 10:09:00.840213 - Found CORNER.txt (text/plain) in CBT.V508.FILE462.PDS, moved to PDS/CORNER
2025-04-04 10:09:00.840329 - Found CUT.txt (text/plain) in CBT.V508.FILE462.PDS, moved to PDS/CUT
2025-04-04 10:09:00.840466 - Found DEBLANK.txt (text/plain) in CBT.V508.FILE462.PDS, moved to PDS/DEBLANK
2025-04-04 10:09:00.840600 - Found ECHANGE.txt (text/plain) in CBT.V508.FILE462.PDS, moved to PDS/ECHANGE
2025-04-04 10:09:00.841109 - Found EXEC.txt (text/plain) in CBT.V508.FILE462.PDS, moved to PDS/EXEC
2025-04-04 10:09:00.841237 - Found EXECPANL.txt (text/plain) in CBT.V508.FILE462.PDS, moved to PDS/EXECPANL
2025-04-04 10:09:00.841352 - Found GENJCL.txt (text/plain) in CBT.V508.FILE462.PDS, moved to PDS/GENJCL
2025-04-04 10:09:00.841543 - Found LJUST.txt (text/plain) in CBT.V508.FILE462.PDS, moved to PDS/LJUST
2025-04-04 10:09:00.841662 - Found NEWMSGS.txt (text/plain) in CBT.V508.FILE462.PDS, moved to PDS/NEWMSGS
2025-04-04 10:09:00.841814 - Found ONLY.txt (text/plain) in CBT.V508.FILE462.PDS, moved to PDS/ONLY
2025-04-04 10:09:00.841947 - Found PASTE.txt (text/plain) in CBT.V508.FILE462.PDS, moved to PDS/PASTE
2025-04-04 10:09:00.842081 - Found PROFLIST.txt (text/plain) in CBT.V508.FILE462.PDS, moved to PDS/PROFLIST
2025-04-04 10:09:00.842227 - Found RJUST.txt (text/plain) in CBT.V508.FILE462.PDS, moved to PDS/RJUST
2025-04-04 10:09:00.842348 - Found SHOWDCB.txt (text/plain) in CBT.V508.FILE462.PDS, moved to PDS/SHOWDCB
2025-04-04 10:09:00.842481 - Found TSOTOJCL.txt (text/plain) in CBT.V508.FILE462.PDS, moved to PDS/TSOTOJCL
